生成启动时间为 2014/11/13 19:32:14。
     1>项目“E:\代码\C编程\121110098曾勇华-7.3学生成绩管理\学生成绩管理系\学生成绩管理系统.vcxproj”在节点 2 上(Build 个目标)。
     1>Link:
         C:\Program Files (x86)\Microsoft Visual Studio 12.0\VC\bin\link.exe /ERRORREPORT:PROMPT /OUT:".\Debug\学生成绩管理系统.exe" /INCREMENTAL /NOLOGO odbc32.lib odbccp32.lib kernel32.lib user32.lib gdi32.lib winspool.lib comdlg32.lib advapi32.lib shell32.lib ole32.lib oleaut32.lib uuid.lib odbc32.lib odbccp32.lib /MANIFEST /MANIFESTUAC:"level='asInvoker' uiAccess='false'" /manifest:embed /DEBUG /PDB:".\Debug\学生成绩管理系统.pdb" /SUBSYSTEM:CONSOLE /TLBID:1 /DYNAMICBASE /NXCOMPAT /IMPLIB:".\Debug\学生成绩管理系统.lib" /MACHINE:X86 /SAFESEH .\Debug\boot.obj
         .\Debug\delet.obj
         .\Debug\input.obj
         .\Debug\insert.obj
         .\Debug\main.obj
         .\Debug\readstu.obj
         .\Debug\realloc.obj
         .\Debug\search.obj
         .\Debug\search_boot.obj
         .\Debug\search_name.obj
         .\Debug\search_num.obj
         .\Debug\search_score.obj
         .\Debug\show.obj
         .\Debug\show_boot.obj
         .\Debug\sort_aver.obj
         .\Debug\sort_name.obj
         .\Debug\sort_num.obj
         .\Debug\sort_total.obj
         .\Debug\update.obj
         .\Debug\update_boot.obj
         .\Debug\writefile.obj
     1>LINK : fatal error LNK1104: 无法打开文件“.\Debug\学生成绩管理系统.exe”
     1>已完成生成项目“E:\代码\C编程\121110098曾勇华-7.3学生成绩管理\学生成绩管理系\学生成绩管理系统.vcxproj”(Build 个目标)的操作 - 失败。

生成失败。

已用时间 00:00:00.14
